[debug] [2022-11-13T05:58:34.909Z] ----------------------------------------------------------------------
[debug] [2022-11-13T05:58:34.912Z] Command:       C:\Program Files\nodejs\node.exe C:\Users\Dell\AppData\Roaming\npm\node_modules\firebase-tools\lib\bin\firebase.js init
[debug] [2022-11-13T05:58:34.912Z] CLI Version:   11.16.0
[debug] [2022-11-13T05:58:34.913Z] Platform:      win32
[debug] [2022-11-13T05:58:34.913Z] Node Version:  v16.14.2
[debug] [2022-11-13T05:58:34.914Z] Time:          Sun Nov 13 2022 11:28:34 GMT+0530 (India Standard Time)
[debug] [2022-11-13T05:58:34.915Z] ----------------------------------------------------------------------
[debug] 
[debug] [2022-11-13T05:58:34.925Z] > command requires scopes: ["email","openid","https://www.googleapis.com/auth/cloudplatformprojects.readonly","https://www.googleapis.com/auth/firebase","https://www.googleapis.com/auth/cloud-platform"]
[debug] [2022-11-13T05:58:34.926Z] > authorizing via signed-in user (200104054@hbtu.ac.in)
[info] 
     ######## #### ########  ######## ########     ###     ######  ########
     ##        ##  ##     ## ##       ##     ##  ##   ##  ##       ##
     ######    ##  ########  ######   ########  #########  ######  ######
     ##        ##  ##    ##  ##       ##     ## ##     ##       ## ##
     ##       #### ##     ## ######## ########  ##     ##  ######  ########

You're about to initialize a Firebase project in this directory:

  C:\Users\Dell\Desktop\realtime Chat

[info] 
=== Project Setup
[info] 
[info] First, let's associate this project directory with a Firebase project.
[info] You can create multiple project aliases by running firebase use --add, 
[info] but for now we'll just set up a default project.
[info] 
[debug] [2022-11-13T06:01:54.247Z] >>> [apiv2][query] GET https://firebase.googleapis.com/v1beta1/projects pageSize=100
[debug] [2022-11-13T06:01:55.560Z] <<< [apiv2][status] GET https://firebase.googleapis.com/v1beta1/projects 200
[debug] [2022-11-13T06:01:55.561Z] <<< [apiv2][body] GET https://firebase.googleapis.com/v1beta1/projects [omitted]
[info] i  Using project chatapp-4d283 (ChatApp) 
[info] 
=== Hosting Setup
[info] 
[info] Your public directory is the folder (relative to your project directory) that
[info] will contain Hosting assets to be uploaded with firebase deploy. If you
[info] have a build process for your assets, use your build's output directory.
[info] 
[info] +  Wrote public/404.html 
[debug] [2022-11-13T06:03:29.877Z] >>> [apiv2][query] GET https://www.gstatic.com/firebasejs/releases.json [none]
[debug] [2022-11-13T06:03:30.265Z] <<< [apiv2][status] GET https://www.gstatic.com/firebasejs/releases.json 200
[debug] [2022-11-13T06:03:30.265Z] <<< [apiv2][body] GET https://www.gstatic.com/firebasejs/releases.json {"current":{"version":"9.14.0","browserURL":"https://www.gstatic.com/firebasejs/9.14.0/firebase.js","packageURL":"https://www.gstatic.com/firebasejs/9.14.0/firebase.tgz"},"live":{"version":"9.14","browserURL":"https://www.gstatic.com/firebasejs/live/9.14/firebase.js","packageURL":"https://www.gstatic.com/firebasejs/live/9.14/firebase.tgz"},"components":{"analytics":"https://www.gstatic.com/firebasejs/9.14.0/firebase-analytics.js","app":"https://www.gstatic.com/firebasejs/9.14.0/firebase-app.js","app-check":"https://www.gstatic.com/firebasejs/9.14.0/firebase-app-check.js","auth":"https://www.gstatic.com/firebasejs/9.14.0/firebase-auth.js","auth/cordova":"https://www.gstatic.com/firebasejs/9.14.0/firebase-auth/cordova.js","auth/react-native":"https://www.gstatic.com/firebasejs/9.14.0/firebase-auth/react-native.js","functions":"https://www.gstatic.com/firebasejs/9.14.0/firebase-functions.js","firestore":"https://www.gstatic.com/firebasejs/9.14.0/firebase-firestore.js","firestore/lite":"https://www.gstatic.com/firebasejs/9.14.0/firebase-firestore/lite.js","installations":"https://www.gstatic.com/firebasejs/9.14.0/firebase-installations.js","storage":"https://www.gstatic.com/firebasejs/9.14.0/firebase-storage.js","performance":"https://www.gstatic.com/firebasejs/9.14.0/firebase-performance.js","remote-config":"https://www.gstatic.com/firebasejs/9.14.0/firebase-remote-config.js","messaging":"https://www.gstatic.com/firebasejs/9.14.0/firebase-messaging.js","messaging/sw":"https://www.gstatic.com/firebasejs/9.14.0/firebase-messaging/sw.js","database":"https://www.gstatic.com/firebasejs/9.14.0/firebase-database.js","firestore.memory":"https://www.gstatic.com/firebasejs/9.14.0/firebase-firestore.memory.js"}}
[info] i  Skipping write of public/index.html 
[info] 
[info] i  Detected a .git folder at C:\Users\Dell\Desktop\realtime Chat 
[info] i  Authorizing with GitHub to upload your service account to a GitHub repository's secrets store. 
[info] 
[info] Visit this URL on this device to log in:
[info] https://github.com/login/oauth/authorize?client_id=89cf50f02ac6aaed3484&state=256520262&redirect_uri=http%3A%2F%2Flocalhost%3A9005&scope=read%3Auser%20repo%20public_repo
[info] 
[info] Waiting for authentication...
[debug] [2022-11-13T06:04:51.141Z] >>> [apiv2][query] POST https://github.com/login/oauth/access_token [none]
[debug] [2022-11-13T06:04:51.141Z] >>> [apiv2][body] POST https://github.com/login/oauth/access_token [stream]
[debug] [2022-11-13T06:04:52.090Z] <<< [apiv2][status] POST https://github.com/login/oauth/access_token 200
[debug] [2022-11-13T06:04:52.090Z] <<< [apiv2][body] POST https://github.com/login/oauth/access_token {"access_token":"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","token_type":"bearer","scope":"read:user,repo"}
[debug] [2022-11-13T06:04:52.099Z] >>> [apiv2][query] GET https://api.github.com/user [none]
[debug] [2022-11-13T06:04:52.811Z] <<< [apiv2][status] GET https://api.github.com/user 200
[debug] [2022-11-13T06:04:52.811Z] <<< [apiv2][body] GET https://api.github.com/user {"login":"saumya123tp8","id":95959848,"node_id":"U_kgDOBbg7KA","avatar_url":"https://avatars.githubusercontent.com/u/95959848?v=4","gravatar_id":"","url":"https://api.github.com/users/saumya123tp8","html_url":"https://github.com/saumya123tp8","followers_url":"https://api.github.com/users/saumya123tp8/followers","following_url":"https://api.github.com/users/saumya123tp8/following{/other_user}","gists_url":"https://api.github.com/users/saumya123tp8/gists{/gist_id}","starred_url":"https://api.github.com/users/saumya123tp8/starred{/owner}{/repo}","subscriptions_url":"https://api.github.com/users/saumya123tp8/subscriptions","organizations_url":"https://api.github.com/users/saumya123tp8/orgs","repos_url":"https://api.github.com/users/saumya123tp8/repos","events_url":"https://api.github.com/users/saumya123tp8/events{/privacy}","received_events_url":"https://api.github.com/users/saumya123tp8/received_events","type":"User","site_admin":false,"name":null,"company":null,"blog":"","location":null,"email":null,"hireable":null,"bio":null,"twitter_username":null,"public_repos":16,"public_gists":0,"followers":0,"following":2,"created_at":"2021-12-11T09:03:30Z","updated_at":"2022-11-13T06:04:45Z","private_gists":0,"total_private_repos":0,"owned_private_repos":0,"disk_usage":36614,"collaborators":0,"two_factor_authentication":false,"plan":{"name":"free","space":976562499,"collaborators":0,"private_repos":10000}}
[info] 
[info] +  Success! Logged into GitHub as saumya123tp8 
[info] 
